<?xml version="1.0" encoding="UTF-8"?>
<!-- Generated by org.testng.reporters.JUnitReportReporter -->
<testsuite hostname="LAPTOP-GIPTAAAG" failures="0" tests="6" name="test.TC001_TestClass" time="14.986" errors="0" timestamp="2025-05-31T19:37:12 IST" skipped="0">
  <testcase classname="test.TC001_TestClass" name="test_Homepage" time="0.119"/>
  <testcase classname="test.TC001_TestClass" name="clickOnMobileMenu" time="2.131"/>
  <testcase classname="test.TC001_TestClass" name="test_MobileMenuPage" time="0.041"/>
  <testcase classname="test.TC001_TestClass" name="sortByName" time="1.370"/>
  <testcase classname="test.TC001_TestClass" name="checkPriceOfSonyXperia" time="10.654"/>
  <testcase classname="test.TC001_TestClass" name="clickOnAddToCart" time="0.671"/>
</testsuite> <!-- test.TC001_TestClass -->
