<?xml version="1.0" encoding="UTF-8"?>
<!-- Generated by org.testng.reporters.JUnitReportReporter -->
<testsuite hostname="LAPTOP-GIPTAAAG" failures="0" tests="1" name="Maven_Testng_package.Gmail_Login" time="23.303" errors="0" timestamp="2025-05-21T13:32:52 IST" skipped="0">
  <testcase classname="Maven_Testng_package.Gmail_Login" name="Open_gmail" time="23.303"/>
</testsuite> <!-- Maven_Testng_package.Gmail_Login -->
