<?xml version="1.0" encoding="UTF-8"?>
<!-- Generated by org.testng.reporters.JUnitReportReporter -->
<testsuite hostname="LAPTOP-GIPTAAAG" failures="0" tests="5" name="Maven_Testng_package.LearnAttributes" time="0.011" errors="0" timestamp="2025-05-20T18:43:21 IST" skipped="0">
  <testcase classname="Maven_Testng_package.LearnAttributes" name="signUp" time="0.007"/>
  <testcase classname="Maven_Testng_package.LearnAttributes" name="login" time="0.000"/>
  <testcase classname="Maven_Testng_package.LearnAttributes" name="searchProduct" time="0.001"/>
  <testcase classname="Maven_Testng_package.LearnAttributes" name="addToCart" time="0.002"/>
  <testcase classname="Maven_Testng_package.LearnAttributes" name="signOut" time="0.001"/>
</testsuite> <!-- Maven_Testng_package.LearnAttributes -->
