<?xml version="1.0" encoding="UTF-8"?>
<!-- Generated by org.testng.reporters.JUnitReportReporter -->
<testsuite hostname="LAPTOP-GIPTAAAG" failures="0" tests="3" name="Maven_Testng_package.Groups" time="0.012" errors="0" timestamp="2025-05-20T20:52:27 IST" skipped="0">
  <testcase classname="Maven_Testng_package.Groups" name="searchProduct" time="0.002"/>
  <testcase classname="Maven_Testng_package.Groups" name="addToCart" time="0.009"/>
  <testcase classname="Maven_Testng_package.Groups" name="signUp" time="0.001"/>
</testsuite> <!-- Maven_Testng_package.Groups -->
