<?xml version="1.0" encoding="UTF-8"?>
<!-- Generated by org.testng.reporters.JUnitReportReporter -->
<testsuite hostname="LAPTOP-GIPTAAAG" failures="0" tests="8" name="Maven_Testng_package.DataProviderClass" time="51.788" errors="0" timestamp="2025-05-23T14:57:37 IST" skipped="0">
  <testcase classname="Maven_Testng_package.DataProviderClass" name="search" time="8.122"/>
  <testcase classname="Maven_Testng_package.DataProviderClass" name="search" time="6.793"/>
  <testcase classname="Maven_Testng_package.DataProviderClass" name="search" time="6.710"/>
  <testcase classname="Maven_Testng_package.DataProviderClass" name="search" time="6.719"/>
  <testcase classname="Maven_Testng_package.DataProviderClass" name="search" time="5.283"/>
  <testcase classname="Maven_Testng_package.DataProviderClass" name="search" time="5.532"/>
  <testcase classname="Maven_Testng_package.DataProviderClass" name="search" time="5.816"/>
  <testcase classname="Maven_Testng_package.DataProviderClass" name="search" time="6.813"/>
</testsuite> <!-- Maven_Testng_package.DataProviderClass -->
