<?xml version="1.0" encoding="UTF-8"?>
<!-- Generated by org.testng.reporters.JUnitReportReporter -->
<testsuite hostname="LAPTOP-GIPTAAAG" failures="0" tests="1" name="Utils.MyTest" time="0.016" errors="0" timestamp="2025-05-28T14:00:29 IST" skipped="0">
  <testcase classname="Utils.MyTest" name="myTest" time="0.016"/>
</testsuite> <!-- Utils.MyTest -->
