<?xml version="1.0" encoding="UTF-8"?>
<!-- Generated by org.testng.reporters.JUnitReportReporter -->
<testsuite hostname="LAPTOP-GIPTAAAG" failures="0" tests="1" name="Utils.WriteInCSVFile" time="0.021" errors="0" timestamp="2025-05-25T20:47:16 IST" skipped="0">
  <testcase classname="Utils.WriteInCSVFile" name="writeFile" time="0.021"/>
</testsuite> <!-- Utils.WriteInCSVFile -->
